<?xml version="1.0" encoding="UTF-8"?>
<!-- Generated by org.testng.reporters.JUnitXMLReporter -->
<testsuite hostname="quyentx-w7" name="CreateWebService" tests="1" failures="1" timestamp="23 Mar 2016 04:03:16 GMT" time="19.347" errors="0">
  <testcase name="W01" time="9.509" classname="com.vsii.tsc.guru.testcase.CreateWebService">
    <failure type="org.openqa.selenium.support.ui.UnexpectedTagNameException" message="Element should have been &amp;quot;select&amp;quot; but was &amp;quot;input&amp;quot;
Build info: version: &amp;apos;2.52.0&amp;apos;, revision: &amp;apos;4c2593cfc3689a7fcd7be52549167e5ccc93ad28&amp;apos;, time: &amp;apos;2016-02-11 11:22:43&amp;apos;
System info: host: &amp;apos;quyentx-w7&amp;apos;, ip: &amp;apos;169.254.145.253&amp;apos;, os.name: &amp;apos;Windows 7&amp;apos;, os.arch: &amp;apos;x86&amp;apos;, os.version: &amp;apos;6.1&amp;apos;, java.version: &amp;apos;1.8.0_74&amp;apos;
Driver info: driver.version: unknown">
      <![CDATA[org.openqa.selenium.support.ui.UnexpectedTagNameException: Element should have been "select" but was "input"
Build info: version: '2.52.0', revision: '4c2593cfc3689a7fcd7be52549167e5ccc93ad28', time: '2016-02-11 11:22:43'
System info: host: 'quyentx-w7', ip: '169.254.145.253', os.name: 'Windows 7', os.arch: 'x86', os.version: '6.1', java.version: '1.8.0_74'
Driver info: driver.version: unknown
	at org.openqa.selenium.support.ui.Select.<init>(Select.java:47)
	at com.vsii.tsc.guru.pages.method.CreateWebServiceMethod.setType(CreateWebServiceMethod.java:65)
	at com.vsii.tsc.guru.pages.method.CreateWebServiceMethod.createWebService(CreateWebServiceMethod.java:133)
	at com.vsii.tsc.guru.testcase.CreateWebService.W01(CreateWebService.java:36)
... Removed 24 stack frames]]>
    </failure>
  </testcase> <!-- W01 -->
</testsuite> <!-- CreateWebService -->
