<?xml version="1.0" encoding="UTF-8"?>
<!-- Generated by org.testng.reporters.JUnitXMLReporter -->
<testsuite hostname="quyentx-w7" name="CreateNewCustomer" tests="3" failures="0" timestamp="22 Mar 2016 07:16:49 GMT" time="0.99" errors="0">
  <testcase name="@BeforeClass setupClass" time="0.0" classname="com.vsii.tsc.guru.testcase.NewCustomer">
    <skipped/>
  </testcase> <!-- @BeforeClass setupClass -->
  <testcase name="@AfterMethod afterMethod" time="0.0" classname="com.vsii.tsc.guru.testcase.NewCustomer">
    <skipped/>
  </testcase> <!-- @AfterMethod afterMethod -->
  <testcase name="@AfterMethod afterMethod" time="0.0" classname="com.vsii.tsc.guru.testcase.NewCustomer">
    <skipped/>
  </testcase> <!-- @AfterMethod afterMethod -->
  <testcase name="@AfterMethod afterMethod" time="0.0" classname="com.vsii.tsc.guru.testcase.NewCustomer">
    <skipped/>
  </testcase> <!-- @AfterMethod afterMethod -->
  <testcase name="CN01" time="0.001" classname="com.vsii.tsc.guru.testcase.NewCustomer">
    <skipped/>
  </testcase> <!-- CN01 -->
  <testcase name="CN02" time="0.001" classname="com.vsii.tsc.guru.testcase.NewCustomer">
    <skipped/>
  </testcase> <!-- CN02 -->
  <testcase name="CN03" time="0.0" classname="com.vsii.tsc.guru.testcase.NewCustomer">
    <skipped/>
  </testcase> <!-- CN03 -->
</testsuite> <!-- CreateNewCustomer -->
