<?xml version="1.0" encoding="UTF-8"?>
<!-- Generated by org.testng.reporters.JUnitXMLReporter -->
<testsuite hostname="quyentx-w7" name="WebService" tests="5" failures="0" timestamp="29 Mar 2016 03:33:09 GMT" time="58.811" errors="0">
  <testcase name="W01" time="27.985" classname="com.vsii.tsc.guru.testcase.WebService"/>
  <testcase name="W02" time="5.292" classname="com.vsii.tsc.guru.testcase.WebService"/>
  <testcase name="W03" time="6.086" classname="com.vsii.tsc.guru.testcase.WebService"/>
  <testcase name="W04" time="8.074" classname="com.vsii.tsc.guru.testcase.WebService"/>
  <testcase name="W07" time="0.0" classname="com.vsii.tsc.guru.testcase.WebService">
    <skipped/>
  </testcase> <!-- W07 -->
</testsuite> <!-- WebService -->
