<?xml version="1.0" encoding="UTF-8"?>
<!-- Generated by org.testng.reporters.JUnitXMLReporter -->
<testsuite hostname="quyentx-w7" name="WebService" tests="4" failures="1" timestamp="28 Mar 2016 09:04:13 GMT" time="52.02" errors="0">
  <testcase name="W01" time="32.982" classname="com.vsii.tsc.guru.testcase.WebService"/>
  <testcase name="W02" time="2.497" classname="com.vsii.tsc.guru.testcase.WebService"/>
  <testcase name="W03" time="5.644" classname="com.vsii.tsc.guru.testcase.WebService"/>
  <testcase name="W04" time="0.001" classname="com.vsii.tsc.guru.testcase.WebService">
    <failure type="java.lang.Error" message="Unresolved compilation problems: 
	actual cannot be resolved to a variable
	expected cannot be resolved to a variable
">
      <![CDATA[java.lang.Error: Unresolved compilation problems: 
	actual cannot be resolved to a variable
	expected cannot be resolved to a variable

	at com.vsii.tsc.guru.testcase.WebService.W04(WebService.java:183)
... Removed 24 stack frames]]>
    </failure>
  </testcase> <!-- W04 -->
</testsuite> <!-- WebService -->
