<?xml version="1.0" encoding="UTF-8"?>
<!-- Generated by org.testng.reporters.JUnitXMLReporter -->
<testsuite hostname="quyentx-w7" name="WebService" tests="4" failures="1" timestamp="28 Mar 2016 10:39:27 GMT" time="54.682" errors="0">
  <testcase name="W01" time="29.423" classname="com.vsii.tsc.guru.testcase.WebService"/>
  <testcase name="W02" time="2.715" classname="com.vsii.tsc.guru.testcase.WebService">
    <failure type="java.lang.AssertionError" message="expected [] but found [Selenium Practice]">
      <![CDATA[java.lang.AssertionError: expected [] but found [Selenium Practice]
	at com.vsii.tsc.guru.testcase.WebService.W02(WebService.java:130)
... Removed 29 stack frames]]>
    </failure>
  </testcase> <!-- W02 -->
  <testcase name="W03" time="5.696" classname="com.vsii.tsc.guru.testcase.WebService"/>
  <testcase name="W04" time="5.745" classname="com.vsii.tsc.guru.testcase.WebService"/>
</testsuite> <!-- WebService -->
