<?xml version="1.0" encoding="UTF-8"?>
<!-- Generated by org.testng.reporters.JUnitXMLReporter -->
<testsuite hostname="quyentx-w7" name="WebService" tests="8" failures="5" timestamp="20 Apr 2016 08:37:44 GMT" time="135.817" errors="0">
  <testcase name="createERPProject" time="7.574" classname="com.vsii.tsc.guru.testcase.Webservice"/>
  <testcase name="W01" time="8.769" classname="com.vsii.tsc.guru.testcase.Webservice"/>
  <testcase name="W02" time="8.337" classname="com.vsii.tsc.guru.testcase.Webservice">
    <failure type="java.lang.AssertionError" message="expected [] but found [Selenium Practice]">
      <![CDATA[java.lang.AssertionError: expected [] but found [Selenium Practice]
	at com.vsii.tsc.guru.testcase.Webservice.W02(Webservice.java:175)
... Removed 29 stack frames]]>
    </failure>
  </testcase> <!-- W02 -->
  <testcase name="W03" time="9.378" classname="com.vsii.tsc.guru.testcase.Webservice"/>
  <testcase name="W04" time="20.336" classname="com.vsii.tsc.guru.testcase.Webservice">
    <failure type="java.lang.AssertionError" message="expected [04:00] but found [02:00]">
      <![CDATA[java.lang.AssertionError: expected [04:00] but found [02:00]
	at com.vsii.tsc.guru.testcase.Webservice.W04(Webservice.java:250)
... Removed 29 stack frames]]>
    </failure>
  </testcase> <!-- W04 -->
  <testcase name="W05" time="25.447" classname="com.vsii.tsc.guru.testcase.Webservice">
    <failure type="org.openqa.selenium.ElementNotVisibleException" message="Element is not currently visible and so may not be interacted with
Command duration or timeout: 2.03 seconds
Build info: version: &amp;apos;2.52.0&amp;apos;, revision: &amp;apos;4c2593cfc3689a7fcd7be52549167e5ccc93ad28&amp;apos;, time: &amp;apos;2016-02-11 11:22:43&amp;apos;
System info: host: &amp;apos;quyentx-w7&amp;apos;, ip: &amp;apos;169.254.145.253&amp;apos;, os.name: &amp;apos;Windows 7&amp;apos;, os.arch: &amp;apos;x86&amp;apos;, os.version: &amp;apos;6.1&amp;apos;, java.version: &amp;apos;1.8.0_74&amp;apos;
Driver info: org.openqa.selenium.firefox.FirefoxDriver
Capabilities [{applicationCacheEnabled=true, rotatable=false, handlesAlerts=true, databaseEnabled=true, version=43.0.1, platform=WINDOWS, nativeEvents=false, acceptSslCerts=true, webStorageEnabled=true, locationContextEnabled=true, browserName=firefox, takesScreenshot=true, javascriptEnabled=true, cssSelectorsEnabled=true}]
Session ID: 5df9d804-4031-4c21-870d-dc6080c037fc">
      <![CDATA[org.openqa.selenium.ElementNotVisibleException: Element is not currently visible and so may not be interacted with
Command duration or timeout: 2.03 seconds
Build info: version: '2.52.0', revision: '4c2593cfc3689a7fcd7be52549167e5ccc93ad28', time: '2016-02-11 11:22:43'
System info: host: 'quyentx-w7', ip: '169.254.145.253', os.name: 'Windows 7', os.arch: 'x86', os.version: '6.1', java.version: '1.8.0_74'
Driver info: org.openqa.selenium.firefox.FirefoxDriver
Capabilities [{applicationCacheEnabled=true, rotatable=false, handlesAlerts=true, databaseEnabled=true, version=43.0.1, platform=WINDOWS, nativeEvents=false, acceptSslCerts=true, webStorageEnabled=true, locationContextEnabled=true, browserName=firefox, takesScreenshot=true, javascriptEnabled=true, cssSelectorsEnabled=true}]
Session ID: 5df9d804-4031-4c21-870d-dc6080c037fc
	at org.openqa.selenium.remote.ErrorHandler.createThrowable(ErrorHandler.java:206)
	at org.openqa.selenium.remote.ErrorHandler.throwIfResponseFailed(ErrorHandler.java:158)
	at org.openqa.selenium.remote.RemoteWebDriver.execute(RemoteWebDriver.java:678)
	at org.openqa.selenium.remote.RemoteWebElement.execute(RemoteWebElement.java:327)
	at org.openqa.selenium.remote.RemoteWebElement.click(RemoteWebElement.java:85)
	at org.openqa.selenium.support.pagefactory.internal.LocatingElementHandler.invoke(LocatingElementHandler.java:51)
	at com.sun.proxy.$Proxy10.click(Unknown Source)
	at com.vsii.tsc.guru.pages.method.WebServiceMethod.clickWebServiceOption(WebServiceMethod.java:40)
	at com.vsii.tsc.guru.testcase.Webservice.W05(Webservice.java:280)
Caused by: org.openqa.selenium.ElementNotVisibleException: Element is not currently visible and so may not be interacted with
Build info: version: '2.52.0', revision: '4c2593cfc3689a7fcd7be52549167e5ccc93ad28', time: '2016-02-11 11:22:43'
System info: host: 'quyentx-w7', ip: '169.254.145.253', os.name: 'Windows 7', os.arch: 'x86', os.version: '6.1', java.version: '1.8.0_74'
Driver info: driver.version: unknown
	at <anonymous class>.fxdriver.preconditions.visible(file:///C:/Users/quyentx/AppData/Local/Temp/anonymous3898371242530374492webdriver-profile/extensions/fxdriver@googlecode.com/components/command-processor.js:10045)
	at <anonymous class>.DelayedCommand.prototype.checkPreconditions_(file:///C:/Users/quyentx/AppData/Local/Temp/anonymous3898371242530374492webdriver-profile/extensions/fxdriver@googlecode.com/components/command-processor.js:12597)
	at <anonymous class>.DelayedCommand.prototype.executeInternal_/h(file:///C:/Users/quyentx/AppData/Local/Temp/anonymous3898371242530374492webdriver-profile/extensions/fxdriver@googlecode.com/components/command-processor.js:12614)
	at <anonymous class>.fxdriver.Timer.prototype.setTimeout/<.notify(file:///C:/Users/quyentx/AppData/Local/Temp/anonymous3898371242530374492webdriver-profile/extensions/fxdriver@googlecode.com/components/command-processor.js:623)
... Removed 31 stack frames]]>
    </failure>
  </testcase> <!-- W05 -->
  <testcase name="W06" time="14.442" classname="com.vsii.tsc.guru.testcase.Webservice">
    <failure type="org.openqa.selenium.WebDriverException" message="Element is not clickable at point (228, 187.14999389648438). Other element would receive the click: &amp;lt;div class=&amp;quot;loading&amp;quot;&amp;gt;&amp;lt;/div&amp;gt;
Command duration or timeout: 731 milliseconds
Build info: version: &amp;apos;2.52.0&amp;apos;, revision: &amp;apos;4c2593cfc3689a7fcd7be52549167e5ccc93ad28&amp;apos;, time: &amp;apos;2016-02-11 11:22:43&amp;apos;
System info: host: &amp;apos;quyentx-w7&amp;apos;, ip: &amp;apos;169.254.145.253&amp;apos;, os.name: &amp;apos;Windows 7&amp;apos;, os.arch: &amp;apos;x86&amp;apos;, os.version: &amp;apos;6.1&amp;apos;, java.version: &amp;apos;1.8.0_74&amp;apos;
Driver info: org.openqa.selenium.firefox.FirefoxDriver
Capabilities [{applicationCacheEnabled=true, rotatable=false, handlesAlerts=true, databaseEnabled=true, version=43.0.1, platform=WINDOWS, nativeEvents=false, acceptSslCerts=true, webStorageEnabled=true, locationContextEnabled=true, browserName=firefox, takesScreenshot=true, javascriptEnabled=true, cssSelectorsEnabled=true}]
Session ID: 5df9d804-4031-4c21-870d-dc6080c037fc">
      <![CDATA[org.openqa.selenium.WebDriverException: Element is not clickable at point (228, 187.14999389648438). Other element would receive the click: <div class="loading"></div>
Command duration or timeout: 731 milliseconds
Build info: version: '2.52.0', revision: '4c2593cfc3689a7fcd7be52549167e5ccc93ad28', time: '2016-02-11 11:22:43'
System info: host: 'quyentx-w7', ip: '169.254.145.253', os.name: 'Windows 7', os.arch: 'x86', os.version: '6.1', java.version: '1.8.0_74'
Driver info: org.openqa.selenium.firefox.FirefoxDriver
Capabilities [{applicationCacheEnabled=true, rotatable=false, handlesAlerts=true, databaseEnabled=true, version=43.0.1, platform=WINDOWS, nativeEvents=false, acceptSslCerts=true, webStorageEnabled=true, locationContextEnabled=true, browserName=firefox, takesScreenshot=true, javascriptEnabled=true, cssSelectorsEnabled=true}]
Session ID: 5df9d804-4031-4c21-870d-dc6080c037fc
	at org.openqa.selenium.remote.ErrorHandler.createThrowable(ErrorHandler.java:206)
	at org.openqa.selenium.remote.ErrorHandler.throwIfResponseFailed(ErrorHandler.java:158)
	at org.openqa.selenium.remote.RemoteWebDriver.execute(RemoteWebDriver.java:678)
	at org.openqa.selenium.remote.RemoteWebElement.execute(RemoteWebElement.java:327)
	at org.openqa.selenium.remote.RemoteWebElement.click(RemoteWebElement.java:85)
	at org.openqa.selenium.support.pagefactory.internal.LocatingElementHandler.invoke(LocatingElementHandler.java:51)
	at com.sun.proxy.$Proxy10.click(Unknown Source)
	at com.vsii.tsc.guru.pages.method.JiraProjectDetailsPageMethod.clickChooseTask(JiraProjectDetailsPageMethod.java:25)
	at com.vsii.tsc.guru.testcase.Webservice.W06(Webservice.java:318)
... Removed 31 stack frames]]>
    </failure>
  </testcase> <!-- W06 -->
  <testcase name="W07" time="13.666" classname="com.vsii.tsc.guru.testcase.Webservice">
    <failure type="org.openqa.selenium.WebDriverException" message="Element is not clickable at point (228, 187.14999389648438). Other element would receive the click: &amp;lt;div class=&amp;quot;loading&amp;quot;&amp;gt;&amp;lt;/div&amp;gt;
Command duration or timeout: 604 milliseconds
Build info: version: &amp;apos;2.52.0&amp;apos;, revision: &amp;apos;4c2593cfc3689a7fcd7be52549167e5ccc93ad28&amp;apos;, time: &amp;apos;2016-02-11 11:22:43&amp;apos;
System info: host: &amp;apos;quyentx-w7&amp;apos;, ip: &amp;apos;169.254.145.253&amp;apos;, os.name: &amp;apos;Windows 7&amp;apos;, os.arch: &amp;apos;x86&amp;apos;, os.version: &amp;apos;6.1&amp;apos;, java.version: &amp;apos;1.8.0_74&amp;apos;
Driver info: org.openqa.selenium.firefox.FirefoxDriver
Capabilities [{applicationCacheEnabled=true, rotatable=false, handlesAlerts=true, databaseEnabled=true, version=43.0.1, platform=WINDOWS, nativeEvents=false, acceptSslCerts=true, webStorageEnabled=true, locationContextEnabled=true, browserName=firefox, takesScreenshot=true, javascriptEnabled=true, cssSelectorsEnabled=true}]
Session ID: 5df9d804-4031-4c21-870d-dc6080c037fc">
      <![CDATA[org.openqa.selenium.WebDriverException: Element is not clickable at point (228, 187.14999389648438). Other element would receive the click: <div class="loading"></div>
Command duration or timeout: 604 milliseconds
Build info: version: '2.52.0', revision: '4c2593cfc3689a7fcd7be52549167e5ccc93ad28', time: '2016-02-11 11:22:43'
System info: host: 'quyentx-w7', ip: '169.254.145.253', os.name: 'Windows 7', os.arch: 'x86', os.version: '6.1', java.version: '1.8.0_74'
Driver info: org.openqa.selenium.firefox.FirefoxDriver
Capabilities [{applicationCacheEnabled=true, rotatable=false, handlesAlerts=true, databaseEnabled=true, version=43.0.1, platform=WINDOWS, nativeEvents=false, acceptSslCerts=true, webStorageEnabled=true, locationContextEnabled=true, browserName=firefox, takesScreenshot=true, javascriptEnabled=true, cssSelectorsEnabled=true}]
Session ID: 5df9d804-4031-4c21-870d-dc6080c037fc
	at org.openqa.selenium.remote.ErrorHandler.createThrowable(ErrorHandler.java:206)
	at org.openqa.selenium.remote.ErrorHandler.throwIfResponseFailed(ErrorHandler.java:158)
	at org.openqa.selenium.remote.RemoteWebDriver.execute(RemoteWebDriver.java:678)
	at org.openqa.selenium.remote.RemoteWebElement.execute(RemoteWebElement.java:327)
	at org.openqa.selenium.remote.RemoteWebElement.click(RemoteWebElement.java:85)
	at org.openqa.selenium.support.pagefactory.internal.LocatingElementHandler.invoke(LocatingElementHandler.java:51)
	at com.sun.proxy.$Proxy10.click(Unknown Source)
	at com.vsii.tsc.guru.pages.method.JiraProjectDetailsPageMethod.clickChooseTask(JiraProjectDetailsPageMethod.java:25)
	at com.vsii.tsc.guru.testcase.Webservice.W07(Webservice.java:366)
... Removed 31 stack frames]]>
    </failure>
  </testcase> <!-- W07 -->
</testsuite> <!-- WebService -->
