<?xml version="1.0" encoding="UTF-8"?>
<!-- Generated by org.testng.reporters.JUnitXMLReporter -->
<testsuite hostname="quyentx-w7" name="WebService" tests="5" failures="2" timestamp="28 Mar 2016 12:58:52 GMT" time="61.689" errors="0">
  <testcase name="W01" time="33.346" classname="com.vsii.tsc.guru.testcase.WebService"/>
  <testcase name="W02" time="3.134" classname="com.vsii.tsc.guru.testcase.WebService">
    <failure type="java.lang.AssertionError" message="expected [] but found [Selenium Practice]">
      <![CDATA[java.lang.AssertionError: expected [] but found [Selenium Practice]
	at com.vsii.tsc.guru.testcase.WebService.W02(WebService.java:134)
... Removed 29 stack frames]]>
    </failure>
  </testcase> <!-- W02 -->
  <testcase name="W03" time="6.157" classname="com.vsii.tsc.guru.testcase.WebService"/>
  <testcase name="W04" time="5.282" classname="com.vsii.tsc.guru.testcase.WebService"/>
  <testcase name="W05" time="2.79" classname="com.vsii.tsc.guru.testcase.WebService">
    <failure type="java.lang.NullPointerException">
      <![CDATA[java.lang.NullPointerException
	at com.vsii.tsc.guru.testcase.WebService.W05(WebService.java:209)
... Removed 24 stack frames]]>
    </failure>
  </testcase> <!-- W05 -->
</testsuite> <!-- WebService -->
