<?xml version="1.0" encoding="UTF-8"?>
<!-- Generated by org.testng.reporters.JUnitXMLReporter -->
<testsuite hostname="quyentx-w7" name="WebService" tests="3" failures="1" timestamp="25 Mar 2016 11:57:13 GMT" time="46.721" errors="0">
  <testcase name="W01" time="33.141" classname="com.vsii.tsc.guru.testcase.WebService"/>
  <testcase name="W02" time="2.392" classname="com.vsii.tsc.guru.testcase.WebService"/>
  <testcase name="W03" time="0.414" classname="com.vsii.tsc.guru.testcase.WebService">
    <failure type="java.lang.NullPointerException">
      <![CDATA[java.lang.NullPointerException
	at com.vsii.tsc.guru.pages.method.WebServiceMethod.clickEditImportedProject(WebServiceMethod.java:217)
	at com.vsii.tsc.guru.pages.method.WebServiceMethod.editImportedProject(WebServiceMethod.java:234)
	at com.vsii.tsc.guru.testcase.WebService.W03(WebService.java:95)
... Removed 24 stack frames]]>
    </failure>
  </testcase> <!-- W03 -->
</testsuite> <!-- WebService -->
