<?xml version="1.0" encoding="UTF-8"?>
<!-- Generated by org.testng.reporters.JUnitXMLReporter -->
<testsuite hostname="quyentx-w7" name="WebService" tests="7" failures="3" timestamp="31 Mar 2016 01:49:36 GMT" time="259.336" errors="0">
  <testcase name="W01" time="45.952" classname="com.vsii.tsc.guru.testcase.WebService"/>
  <testcase name="W02" time="13.924" classname="com.vsii.tsc.guru.testcase.WebService">
    <failure type="java.lang.AssertionError" message="expected [] but found [Selenium Practice]">
      <![CDATA[java.lang.AssertionError: expected [] but found [Selenium Practice]
	at com.vsii.tsc.guru.testcase.WebService.W02(WebService.java:128)
... Removed 29 stack frames]]>
    </failure>
  </testcase> <!-- W02 -->
  <testcase name="W03" time="8.848" classname="com.vsii.tsc.guru.testcase.WebService"/>
  <testcase name="W04" time="10.836" classname="com.vsii.tsc.guru.testcase.WebService">
    <failure type="java.lang.AssertionError" message="expected [04:00] but found [02:00]">
      <![CDATA[java.lang.AssertionError: expected [04:00] but found [02:00]
	at com.vsii.tsc.guru.testcase.WebService.W04(WebService.java:179)
... Removed 29 stack frames]]>
    </failure>
  </testcase> <!-- W04 -->
  <testcase name="W05" time="42.63" classname="com.vsii.tsc.guru.testcase.WebService"/>
  <testcase name="W06" time="74.598" classname="com.vsii.tsc.guru.testcase.WebService">
    <failure type="org.openqa.selenium.NoSuchElementException" message="no such element: Unable to locate element: {&amp;quot;method&amp;quot;:&amp;quot;xpath&amp;quot;,&amp;quot;selector&amp;quot;:&amp;quot;//table/tbody/tr[3]/td[2]/div/div[2]/div/div[1]/div/table/tbody/tr[1]&amp;quot;}
  (Session info: chrome=47.0.2526.80)
  (Driver info: chromedriver=2.20.353145 (343b531d31eeb933ec778dbcf7081628a1396067),platform=Windows NT 6.1 x86) (WARNING: The server did not provide any stacktrace information)
Command duration or timeout: 30.49 seconds
For documentation on this error, please visit: http://seleniumhq.org/exceptions/no_such_element.html
Build info: version: &amp;apos;2.52.0&amp;apos;, revision: &amp;apos;4c2593cfc3689a7fcd7be52549167e5ccc93ad28&amp;apos;, time: &amp;apos;2016-02-11 11:22:43&amp;apos;
System info: host: &amp;apos;quyentx-w7&amp;apos;, ip: &amp;apos;169.254.145.253&amp;apos;, os.name: &amp;apos;Windows 7&amp;apos;, os.arch: &amp;apos;x86&amp;apos;, os.version: &amp;apos;6.1&amp;apos;, java.version: &amp;apos;1.8.0_74&amp;apos;
Driver info: org.openqa.selenium.chrome.ChromeDriver
Capabilities [{applicationCacheEnabled=false, rotatable=false, mobileEmulationEnabled=false, chrome={userDataDir=C:\Users\quyentx\AppData\Local\Temp\scoped_dir3524_1892}, takesHeapSnapshot=true, databaseEnabled=false, handlesAlerts=true, hasTouchScreen=false, version=47.0.2526.80, platform=XP, browserConnectionEnabled=false, nativeEvents=true, acceptSslCerts=true, locationContextEnabled=true, webStorageEnabled=true, browserName=chrome, takesScreenshot=true, javascriptEnabled=true, cssSelectorsEnabled=true}]
Session ID: 62d4b09de916fb82ba8e112343fd08a3
*** Element info: {Using=xpath, value=//table/tbody/tr[3]/td[2]/div/div[2]/div/div[1]/div/table/tbody/tr[1]}">
      <![CDATA[org.openqa.selenium.NoSuchElementException: no such element: Unable to locate element: {"method":"xpath","selector":"//table/tbody/tr[3]/td[2]/div/div[2]/div/div[1]/div/table/tbody/tr[1]"}
  (Session info: chrome=47.0.2526.80)
  (Driver info: chromedriver=2.20.353145 (343b531d31eeb933ec778dbcf7081628a1396067),platform=Windows NT 6.1 x86) (WARNING: The server did not provide any stacktrace information)
Command duration or timeout: 30.49 seconds
For documentation on this error, please visit: http://seleniumhq.org/exceptions/no_such_element.html
Build info: version: '2.52.0', revision: '4c2593cfc3689a7fcd7be52549167e5ccc93ad28', time: '2016-02-11 11:22:43'
System info: host: 'quyentx-w7', ip: '169.254.145.253', os.name: 'Windows 7', os.arch: 'x86', os.version: '6.1', java.version: '1.8.0_74'
Driver info: org.openqa.selenium.chrome.ChromeDriver
Capabilities [{applicationCacheEnabled=false, rotatable=false, mobileEmulationEnabled=false, chrome={userDataDir=C:\Users\quyentx\AppData\Local\Temp\scoped_dir3524_1892}, takesHeapSnapshot=true, databaseEnabled=false, handlesAlerts=true, hasTouchScreen=false, version=47.0.2526.80, platform=XP, browserConnectionEnabled=false, nativeEvents=true, acceptSslCerts=true, locationContextEnabled=true, webStorageEnabled=true, browserName=chrome, takesScreenshot=true, javascriptEnabled=true, cssSelectorsEnabled=true}]
Session ID: 62d4b09de916fb82ba8e112343fd08a3
*** Element info: {Using=xpath, value=//table/tbody/tr[3]/td[2]/div/div[2]/div/div[1]/div/table/tbody/tr[1]}
	at org.openqa.selenium.remote.ErrorHandler.createThrowable(ErrorHandler.java:206)
	at org.openqa.selenium.remote.ErrorHandler.throwIfResponseFailed(ErrorHandler.java:158)
	at org.openqa.selenium.remote.RemoteWebDriver.execute(RemoteWebDriver.java:678)
	at org.openqa.selenium.remote.RemoteWebDriver.findElement(RemoteWebDriver.java:363)
	at org.openqa.selenium.remote.RemoteWebDriver.findElementByXPath(RemoteWebDriver.java:500)
	at org.openqa.selenium.By$ByXPath.findElement(By.java:361)
	at org.openqa.selenium.remote.RemoteWebDriver.findElement(RemoteWebDriver.java:355)
	at org.openqa.selenium.support.pagefactory.DefaultElementLocator.findElement(DefaultElementLocator.java:69)
	at org.openqa.selenium.support.pagefactory.internal.LocatingElementHandler.invoke(LocatingElementHandler.java:38)
	at com.sun.proxy.$Proxy8.click(Unknown Source)
	at com.vsii.tsc.guru.pages.method.TasksPageMethod.clickLatestTask(TasksPageMethod.java:166)
	at com.vsii.tsc.guru.testcase.WebService.W06(WebService.java:259)
... Removed 28 stack frames]]>
    </failure>
  </testcase> <!-- W06 -->
  <testcase name="W07" time="45.398" classname="com.vsii.tsc.guru.testcase.WebService"/>
</testsuite> <!-- WebService -->
