<?xml version="1.0" encoding="UTF-8"?>
<testng-results skipped="0" failed="1" total="2" passed="1">
  <reporter-output>
  </reporter-output>
  <suite name="Suite" duration-ms="40850" started-at="2016-03-24T08:04:23Z" finished-at="2016-03-24T08:05:03Z">
    <groups>
    </groups>
    <test name="Login" duration-ms="13" started-at="2016-03-24T08:04:23Z" finished-at="2016-03-24T08:04:23Z">
    </test> <!-- Login -->
    <test name="WebService" duration-ms="40805" started-at="2016-03-24T08:04:23Z" finished-at="2016-03-24T08:05:03Z">
      <class name="com.vsii.tsc.utility.TestBase">
        <test-method status="PASS" signature="setupSuite()[pri:0, instance:com.vsii.tsc.utility.TestBase@196751b]" name="setupSuite" is-config="true" duration-ms="18783" started-at="2016-03-24T15:04:04Z" finished-at="2016-03-24T15:04:23Z">
          <reporter-output>
          </reporter-output>
        </test-method> <!-- setupSuite -->
        <test-method status="PASS" signature="teardownSuite()[pri:0, instance:com.vsii.tsc.utility.TestBase@196751b]" name="teardownSuite" is-config="true" duration-ms="0" started-at="2016-03-24T15:05:03Z" finished-at="2016-03-24T15:05:03Z">
          <reporter-output>
          </reporter-output>
        </test-method> <!-- teardownSuite -->
      </class> <!-- com.vsii.tsc.utility.TestBase -->
      <class name="com.vsii.tsc.guru.testcase.WebService">
        <test-method status="PASS" signature="setupClass()[pri:0, instance:com.vsii.tsc.guru.testcase.WebService@4a765]" name="setupClass" is-config="true" duration-ms="1926" started-at="2016-03-24T15:04:23Z" finished-at="2016-03-24T15:04:25Z">
          <reporter-output>
          </reporter-output>
        </test-method> <!-- setupClass -->
        <test-method status="FAIL" signature="W01(java.lang.String, java.lang.String, java.lang.String, java.lang.String, java.lang.String, java.lang.String, java.lang.String, java.lang.String, java.lang.String, java.lang.String, java.lang.String, java.lang.String)[pri:1, instance:com.vsii.tsc.guru.testcase.WebService@4a765]" name="W01" duration-ms="32753" started-at="2016-03-24T15:04:26Z" description="Create new web service in OpenERP" data-provider="newService" finished-at="2016-03-24T15:04:59Z">
          <params>
            <param index="0">
              <value>
                <![CDATA[TestService3]]>
              </value>
            </param>
            <param index="1">
              <value>
                <![CDATA[Get]]>
              </value>
            </param>
            <param index="2">
              <value>
                <![CDATA[http]]>
              </value>
            </param>
            <param index="3">
              <value>
                <![CDATA[192.168.0.200]]>
              </value>
            </param>
            <param index="4">
              <value>
                <![CDATA[8085]]>
              </value>
            </param>
            <param index="5">
              <value>
                <![CDATA[/rest/api/2/search?jql=updated%20%3E%20startOfWeek(-2)%20ORDER%20BY%20updated%20DESC&startAt=0&maxResults=1500&fields=assignee,description,summary,created,updated,duedate,priority,status,worklog,key,id,project,timeestimate,timeoriginalestimate]]>
              </value>
            </param>
            <param index="6">
              <value>
                <![CDATA[ISO 8601]]>
              </value>
            </param>
            <param index="7">
              <value>
                <![CDATA[Basic]]>
              </value>
            </param>
            <param index="8">
              <value>
                <![CDATA[admin]]>
              </value>
            </param>
            <param index="9">
              <value>
                <![CDATA[123456@a]]>
              </value>
            </param>
            <param index="10">
              <value>
                <![CDATA[vsii_project.vsii_JIRA_connector]]>
              </value>
            </param>
            <param index="11">
              <value>
                <![CDATA[collect_project_worklog]]>
              </value>
            </param>
          </params>
          <exception class="org.openqa.selenium.NoSuchElementException">
            <message>
              <![CDATA[Unable to locate element: {"method":"xpath","selector":"html/body/div[1]/table/tbody/tr[3]/td[2]/div/div/div/div[2]/div/div[4]/div/div/table/tbody/tr[1]/td[1]/table/tbody/tr[1]/td[2]/span/input"}
Command duration or timeout: 30.10 seconds
For documentation on this error, please visit: http://seleniumhq.org/exceptions/no_such_element.html
Build info: version: '2.52.0', revision: '4c2593cfc3689a7fcd7be52549167e5ccc93ad28', time: '2016-02-11 11:22:43'
System info: host: 'quyentx-w7', ip: '169.254.145.253', os.name: 'Windows 7', os.arch: 'x86', os.version: '6.1', java.version: '1.8.0_74'
Driver info: org.openqa.selenium.firefox.FirefoxDriver
Capabilities [{applicationCacheEnabled=true, rotatable=false, handlesAlerts=true, databaseEnabled=true, version=45.0.1, platform=WINDOWS, nativeEvents=false, acceptSslCerts=true, webStorageEnabled=true, locationContextEnabled=true, browserName=firefox, takesScreenshot=true, javascriptEnabled=true, cssSelectorsEnabled=true}]
Session ID: 417eff4d-5c08-47cb-8e17-d0bcc7a7a7b6
*** Element info: {Using=xpath, value=html/body/div[1]/table/tbody/tr[3]/td[2]/div/div/div/div[2]/div/div[4]/div/div/table/tbody/tr[1]/td[1]/table/tbody/tr[1]/td[2]/span/input}]]>
            </message>
            <full-stacktrace>
              <![CDATA[org.openqa.selenium.NoSuchElementException: Unable to locate element: {"method":"xpath","selector":"html/body/div[1]/table/tbody/tr[3]/td[2]/div/div/div/div[2]/div/div[4]/div/div/table/tbody/tr[1]/td[1]/table/tbody/tr[1]/td[2]/span/input"}
Command duration or timeout: 30.10 seconds
For documentation on this error, please visit: http://seleniumhq.org/exceptions/no_such_element.html
Build info: version: '2.52.0', revision: '4c2593cfc3689a7fcd7be52549167e5ccc93ad28', time: '2016-02-11 11:22:43'
System info: host: 'quyentx-w7', ip: '169.254.145.253', os.name: 'Windows 7', os.arch: 'x86', os.version: '6.1', java.version: '1.8.0_74'
Driver info: org.openqa.selenium.firefox.FirefoxDriver
Capabilities [{applicationCacheEnabled=true, rotatable=false, handlesAlerts=true, databaseEnabled=true, version=45.0.1, platform=WINDOWS, nativeEvents=false, acceptSslCerts=true, webStorageEnabled=true, locationContextEnabled=true, browserName=firefox, takesScreenshot=true, javascriptEnabled=true, cssSelectorsEnabled=true}]
Session ID: 417eff4d-5c08-47cb-8e17-d0bcc7a7a7b6
*** Element info: {Using=xpath, value=html/body/div[1]/table/tbody/tr[3]/td[2]/div/div/div/div[2]/div/div[4]/div/div/table/tbody/tr[1]/td[1]/table/tbody/tr[1]/td[2]/span/input}
	at sun.reflect.NativeConstructorAccessorImpl.newInstance0(Native Method)
	at sun.reflect.NativeConstructorAccessorImpl.newInstance(NativeConstructorAccessorImpl.java:62)
	at sun.reflect.DelegatingConstructorAccessorImpl.newInstance(DelegatingConstructorAccessorImpl.java:45)
	at java.lang.reflect.Constructor.newInstance(Constructor.java:423)
	at org.openqa.selenium.remote.ErrorHandler.createThrowable(ErrorHandler.java:206)
	at org.openqa.selenium.remote.ErrorHandler.throwIfResponseFailed(ErrorHandler.java:158)
	at org.openqa.selenium.remote.RemoteWebDriver.execute(RemoteWebDriver.java:678)
	at org.openqa.selenium.remote.RemoteWebDriver.findElement(RemoteWebDriver.java:363)
	at org.openqa.selenium.remote.RemoteWebDriver.findElementByXPath(RemoteWebDriver.java:500)
	at org.openqa.selenium.By$ByXPath.findElement(By.java:361)
	at org.openqa.selenium.remote.RemoteWebDriver.findElement(RemoteWebDriver.java:355)
	at org.openqa.selenium.support.pagefactory.DefaultElementLocator.findElement(DefaultElementLocator.java:69)
	at org.openqa.selenium.support.pagefactory.internal.LocatingElementHandler.invoke(LocatingElementHandler.java:38)
	at com.sun.proxy.$Proxy8.sendKeys(Unknown Source)
	at com.vsii.tsc.guru.pages.method.CreateWebServiceMethod.setServiceName(CreateWebServiceMethod.java:49)
	at com.vsii.tsc.guru.pages.method.CreateWebServiceMethod.createWebService(CreateWebServiceMethod.java:134)
	at com.vsii.tsc.guru.testcase.WebService.W01(WebService.java:61)
	at sun.reflect.NativeMethodAccessorImpl.invoke0(Native Method)
	at sun.reflect.NativeMethodAccessorImpl.invoke(NativeMethodAccessorImpl.java:62)
	at sun.reflect.DelegatingMethodAccessorImpl.invoke(DelegatingMethodAccessorImpl.java:43)
	at java.lang.reflect.Method.invoke(Method.java:498)
	at org.testng.internal.MethodInvocationHelper.invokeMethod(MethodInvocationHelper.java:85)
	at org.testng.internal.Invoker.invokeMethod(Invoker.java:639)
	at org.testng.internal.Invoker.invokeTestMethod(Invoker.java:816)
	at org.testng.internal.Invoker.invokeTestMethods(Invoker.java:1124)
	at org.testng.internal.TestMethodWorker.invokeTestMethods(TestMethodWorker.java:125)
	at org.testng.internal.TestMethodWorker.run(TestMethodWorker.java:108)
	at org.testng.TestRunner.privateRun(TestRunner.java:774)
	at org.testng.TestRunner.run(TestRunner.java:624)
	at org.testng.SuiteRunner.runTest(SuiteRunner.java:359)
	at org.testng.SuiteRunner.runSequentially(SuiteRunner.java:354)
	at org.testng.SuiteRunner.privateRun(SuiteRunner.java:312)
	at org.testng.SuiteRunner.run(SuiteRunner.java:261)
	at org.testng.SuiteRunnerWorker.runSuite(SuiteRunnerWorker.java:52)
	at org.testng.SuiteRunnerWorker.run(SuiteRunnerWorker.java:86)
	at org.testng.TestNG.runSuitesSequentially(TestNG.java:1215)
	at org.testng.TestNG.runSuitesLocally(TestNG.java:1140)
	at org.testng.TestNG.run(TestNG.java:1048)
	at org.testng.remote.RemoteTestNG.run(RemoteTestNG.java:112)
	at org.testng.remote.RemoteTestNG.initAndRun(RemoteTestNG.java:205)
	at org.testng.remote.RemoteTestNG.main(RemoteTestNG.java:176)
Caused by: org.openqa.selenium.NoSuchElementException: Unable to locate element: {"method":"xpath","selector":"html/body/div[1]/table/tbody/tr[3]/td[2]/div/div/div/div[2]/div/div[4]/div/div/table/tbody/tr[1]/td[1]/table/tbody/tr[1]/td[2]/span/input"}
For documentation on this error, please visit: http://seleniumhq.org/exceptions/no_such_element.html
Build info: version: '2.52.0', revision: '4c2593cfc3689a7fcd7be52549167e5ccc93ad28', time: '2016-02-11 11:22:43'
System info: host: 'quyentx-w7', ip: '169.254.145.253', os.name: 'Windows 7', os.arch: 'x86', os.version: '6.1', java.version: '1.8.0_74'
Driver info: driver.version: unknown
	at <anonymous class>.FirefoxDriver.prototype.findElementInternal_(file:///C:/Users/quyentx/AppData/Local/Temp/anonymous7155240937937487349webdriver-profile/extensions/fxdriver@googlecode.com/components/driver-component.js:10723)
	at <anonymous class>.fxdriver.Timer.prototype.setTimeout/<.notify(file:///C:/Users/quyentx/AppData/Local/Temp/anonymous7155240937937487349webdriver-profile/extensions/fxdriver@googlecode.com/components/driver-component.js:623)
]]>
            </full-stacktrace>
          </exception> <!-- org.openqa.selenium.NoSuchElementException -->
          <reporter-output>
          </reporter-output>
        </test-method> <!-- W01 -->
        <test-method status="PASS" signature="afterMethod()[pri:0, instance:com.vsii.tsc.guru.testcase.WebService@4a765]" name="afterMethod" is-config="true" duration-ms="2422" started-at="2016-03-24T15:04:59Z" finished-at="2016-03-24T15:05:01Z">
          <reporter-output>
          </reporter-output>
        </test-method> <!-- afterMethod -->
        <test-method status="PASS" signature="W02()[pri:2, instance:com.vsii.tsc.guru.testcase.WebService@4a765]" name="W02" duration-ms="1" started-at="2016-03-24T15:05:01Z" description="Run web service and verify if JIRA project is synchronized with OpenERP" finished-at="2016-03-24T15:05:01Z">
          <reporter-output>
          </reporter-output>
        </test-method> <!-- W02 -->
        <test-method status="PASS" signature="afterMethod()[pri:0, instance:com.vsii.tsc.guru.testcase.WebService@4a765]" name="afterMethod" is-config="true" duration-ms="2375" started-at="2016-03-24T15:05:01Z" finished-at="2016-03-24T15:05:03Z">
          <reporter-output>
          </reporter-output>
        </test-method> <!-- afterMethod -->
      </class> <!-- com.vsii.tsc.guru.testcase.WebService -->
    </test> <!-- WebService -->
  </suite> <!-- Suite -->
</testng-results>
